Func: ant returns type int [line: 1]
.   Child: 1  Compound [line: 1]
.   .   Child: 1  Return [line: 1]
.   .   .   Child: 0  Const 111 [line: 1]
Sibling: 1  Func: bat returns type void [line: 2]
.   Child: 0  Parm: a of type int [line: 2]
.   Sibling: 1  Parm: c of type char [line: 2]
.   Child: 1  Compound [line: 2]
.   .   Child: 0  Var: b of type bool [line: 3]
.   .   .   Child: 0  Const false [line: 3]
.   .   Child: 1  Assign: = [line: 5]
.   .   .   Child: 0  Id: a [line: 5]
.   .   .   Child: 1  Const 222 [line: 5]
.   .   Sibling: 1  Assign: = [line: 6]
.   .   .   Child: 0  Id: b [line: 6]
.   .   .   Child: 1  Const true [line: 6]
.   .   Sibling: 2  Assign: = [line: 7]
.   .   .   Child: 0  Id: c [line: 7]
.   .   .   Child: 1  Const 'z' [line: 7]
.   .   Sibling: 3  If [line: 9]
.   .   .   Child: 0  Op: > [line: 9]
.   .   .   .   Child: 0  Id: a [line: 9]
.   .   .   .   Child: 1  Const 222 [line: 9]
.   .   .   Child: 1  Const 333 [line: 9]
.   .   Sibling: 4  If [line: 10]
.   .   .   Child: 0  Op: < [line: 10]
.   .   .   .   Child: 0  Id: a [line: 10]
.   .   .   .   Child: 1  Const 333 [line: 10]
.   .   .   Child: 1  Const 444 [line: 10]
.   .   .   Child: 2  Const 555 [line: 10]
.   .   Sibling: 5  If [line: 11]
.   .   .   Child: 0  Op: <= [line: 11]
.   .   .   .   Child: 0  Id: a [line: 11]
.   .   .   .   Child: 1  Const 666 [line: 11]
.   .   .   Child: 1  If [line: 11]
.   .   .   .   Child: 0  Op: >= [line: 11]
.   .   .   .   .   Child: 0  Id: a [line: 11]
.   .   .   .   .   Child: 1  Const 777 [line: 11]
.   .   .   .   Child: 1  Const 888 [line: 11]
.   .   .   .   Child: 2  Const 555 [line: 11]
.   .   Sibling: 6  While [line: 12]
.   .   .   Child: 0  Op: == [line: 12]
.   .   .   .   Child: 0  Const 999 [line: 12]
.   .   .   .   Child: 1  Id: a [line: 12]
.   .   .   Child: 1  Const 1010 [line: 12]
.   .   Sibling: 7  If [line: 13]
.   .   .   Child: 0  Id: b [line: 13]
.   .   .   Child: 1  If [line: 13]
.   .   .   .   Child: 0  Op: not [line: 13]
.   .   .   .   .   Child: 0  Id: b [line: 13]
.   .   .   .   Child: 1  While [line: 13]
.   .   .   .   .   Child: 0  Op: and [line: 13]
.   .   .   .   .   .   Child: 0  Id: b [line: 13]
.   .   .   .   .   .   Child: 1  Const true [line: 13]
.   .   .   .   .   Child: 1  Const 1111 [line: 13]
.   .   .   .   Child: 2  Const 1212 [line: 13]
.   .   Sibling: 8  If [line: 14]
.   .   .   Child: 0  Id: b [line: 14]
.   .   .   Child: 1  If [line: 14]
.   .   .   .   Child: 0  Op: not [line: 14]
.   .   .   .   .   Child: 0  Id: b [line: 14]
.   .   .   .   Child: 1  While [line: 14]
.   .   .   .   .   Child: 0  Op: or [line: 14]
.   .   .   .   .   .   Child: 0  Id: b [line: 14]
.   .   .   .   .   .   Child: 1  Const true [line: 14]
.   .   .   .   .   Child: 1  Const 1313 [line: 14]
.   .   .   .   Child: 2  Const 1414 [line: 14]
.   .   .   Child: 2  Const 1515 [line: 14]
.   .   Sibling: 9  If [line: 15]
.   .   .   Child: 0  Assign: = [line: 15]
.   .   .   .   Child: 0  Id: b [line: 15]
.   .   .   .   Child: 1  Const true [line: 15]
.   .   .   Child: 1  Const 1616 [line: 15]
.   .   Sibling: 10  While [line: 17]
.   .   .   Child: 0  Const false [line: 17]
.   .   .   Child: 1  Break [line: 17]
.   .   Sibling: 11  Op: + [line: 19]
.   .   .   Child: 0  Id: a [line: 19]
.   .   .   Child: 1  Const 1717 [line: 19]
.   .   Sibling: 12  Op: - [line: 20]
.   .   .   Child: 0  Const 1818 [line: 20]
.   .   .   Child: 1  Id: a [line: 20]
.   .   Sibling: 13  Op: * [line: 21]
.   .   .   Child: 0  Id: a [line: 21]
.   .   .   Child: 1  Const 1919 [line: 21]
.   .   Sibling: 14  Op: / [line: 22]
.   .   .   Child: 0  Const 2020 [line: 22]
.   .   .   Child: 1  Id: a [line: 22]
.   .   Sibling: 15  Op: % [line: 23]
.   .   .   Child: 0  Id: a [line: 23]
.   .   .   Child: 1  Const 2121 [line: 23]
.   .   Sibling: 16  Assign: += [line: 25]
.   .   .   Child: 0  Id: a [line: 25]
.   .   .   Child: 1  Const 1 [line: 25]
.   .   Sibling: 17  Assign: -= [line: 26]
.   .   .   Child: 0  Id: a [line: 26]
.   .   .   Child: 1  Const 2 [line: 26]
.   .   Sibling: 18  Assign: *= [line: 27]
.   .   .   Child: 0  Id: a [line: 27]
.   .   .   Child: 1  Const 3 [line: 27]
.   .   Sibling: 19  Assign: /= [line: 28]
.   .   .   Child: 0  Id: a [line: 28]
.   .   .   Child: 1  Const 4 [line: 28]
.   .   Sibling: 20  Op: chsign [line: 30]
.   .   .   Child: 0  Id: a [line: 30]
.   .   Sibling: 21  Op: not [line: 31]
.   .   .   Child: 0  Id: b [line: 31]
.   .   Sibling: 22  Op: ? [line: 32]
.   .   .   Child: 0  Id: a [line: 32]
Sibling: 2  Func: cat returns type char [line: 35]
.   Child: 1  Compound [line: 36]
.   .   Child: 0  Var: a of type int [line: 37]
.   .   Sibling: 1  Var: b of type bool [line: 37]
.   .   Sibling: 2  Var: c of type char [line: 37]
.   .   Sibling: 3  Var: aa is array of type int [line: 38]
.   .   Sibling: 4  Var: ba is array of type bool [line: 38]
.   .   Sibling: 5  Var: ca is array of type char [line: 38]
.   .   Child: 1  Op: [ [line: 40]
.   .   .   Child: 0  Id: aa [line: 40]
.   .   .   Child: 1  Const 2 [line: 40]
.   .   Sibling: 1  Assign: = [line: 41]
.   .   .   Child: 0  Op: [ [line: 41]
.   .   .   .   Child: 0  Id: ba [line: 41]
.   .   .   .   Child: 1  Id: a [line: 41]
.   .   .   Child: 1  Id: b [line: 41]
.   .   Sibling: 2  Assign: = [line: 42]
.   .   .   Child: 0  Op: [ [line: 42]
.   .   .   .   Child: 0  Id: ca [line: 42]
.   .   .   .   Child: 1  Op: [ [line: 42]
.   .   .   .   .   Child: 0  Id: aa [line: 42]
.   .   .   .   .   Child: 1  Const 1 [line: 42]
.   .   .   Child: 1  Id: c [line: 42]
.   .   Sibling: 3  Op: sizeof [line: 44]
.   .   .   Child: 0  Id: ba [line: 44]
.   .   Sibling: 4  Op: ? [line: 45]
.   .   .   Child: 0  Const 11 [line: 45]
.   .   Sibling: 5  For [line: 47]
.   .   .   Child: 0  Var: z of type int [line: 47]
.   .   .   Child: 1  Range [line: 47]
.   .   .   .   Child: 0  Id: aa [line: 47]
.   .   .   .   Child: 1  Id: aa [line: 47]
.   .   .   Child: 2  Op: + [line: 47]
.   .   .   .   Child: 0  Id: z [line: 47]
.   .   .   .   Child: 1  Id: z [line: 47]
.   .   Sibling: 6  For [line: 48]
.   .   .   Child: 0  Var: z of type int [line: 48]
.   .   .   Child: 1  Range [line: 48]
.   .   .   .   Child: 0  Id: ba [line: 48]
.   .   .   .   Child: 1  Id: aa [line: 48]
.   .   .   .   Child: 2  Id: aa [line: 48]
.   .   .   Child: 2  Op: and [line: 48]
.   .   .   .   Child: 0  Id: b [line: 48]
.   .   .   .   Child: 1  Id: b [line: 48]
.   .   Sibling: 7  For [line: 49]
.   .   .   Child: 0  Var: z of type int [line: 49]
.   .   .   Child: 1  Range [line: 49]
.   .   .   .   Child: 0  Op: + [line: 49]
.   .   .   .   .   Child: 0  Const 3 [line: 49]
.   .   .   .   .   Child: 1  Const 4 [line: 49]
.   .   .   .   Child: 1  Op: * [line: 49]
.   .   .   .   .   Child: 0  Const 7 [line: 49]
.   .   .   .   .   Child: 1  Const 8 [line: 49]
.   .   .   .   Child: 2  Op: % [line: 49]
.   .   .   .   .   Child: 0  Const 15 [line: 49]
.   .   .   .   .   Child: 1  Const 3 [line: 49]
.   .   .   Child: 2  Compound [line: 49]
.   .   .   .   Child: 1  Assign: = [line: 50]
.   .   .   .   .   Child: 0  Id: a [line: 50]
.   .   .   .   .   Child: 1  Id: z [line: 50]
.   .   .   .   Sibling: 1  Assign: = [line: 51]
.   .   .   .   .   Child: 0  Id: z [line: 51]
.   .   .   .   .   Child: 1  Id: a [line: 51]
.   .   Sibling: 8  Assign: = [line: 54]
.   .   .   Child: 0  Id: aa [line: 54]
.   .   .   Child: 1  Id: aa [line: 54]
.   .   Sibling: 9  Op: == [line: 55]
.   .   .   Child: 0  Id: ba [line: 55]
.   .   .   Child: 1  Id: ba [line: 55]
.   .   Sibling: 10  Op: != [line: 56]
.   .   .   Child: 0  Id: ca [line: 56]
.   .   .   Child: 1  Id: ca [line: 56]
.   .   Sibling: 11  Op: > [line: 57]
.   .   .   Child: 0  Id: aa [line: 57]
.   .   .   Child: 1  Id: aa [line: 57]
.   .   Sibling: 12  Op: >= [line: 58]
.   .   .   Child: 0  Id: ba [line: 58]
.   .   .   Child: 1  Id: ba [line: 58]
.   .   Sibling: 13  Op: < [line: 59]
.   .   .   Child: 0  Id: ca [line: 59]
.   .   .   Child: 1  Id: ca [line: 59]
.   .   Sibling: 14  Op: <= [line: 60]
.   .   .   Child: 0  Id: aa [line: 60]
.   .   .   Child: 1  Id: aa [line: 60]
.   .   Sibling: 15  Assign: = [line: 62]
.   .   .   Child: 0  Id: ca [line: 62]
.   .   .   Child: 1  Const is array "dogs are great" [line: 62]
.   .   Sibling: 16  Return [line: 64]
.   .   .   Child: 0  Const 'm' [line: 64]
Sibling: 3  Func: dog returns type void [line: 67]
.   Child: 0  Parm: i of type int [line: 67]
.   Child: 1  Compound [line: 67]
.   .   Child: 1  If [line: 68]
.   .   .   Child: 0  Op: == [line: 68]
.   .   .   .   Child: 0  Id: i [line: 68]
.   .   .   .   Child: 1  Const 3 [line: 68]
.   .   .   Child: 1  Compound [line: 68]
.   .   .   .   Child: 0  Var: i of type int [line: 69]
.   .   .   .   Child: 1  Assign: = [line: 70]
.   .   .   .   .   Child: 0  Id: i [line: 70]
.   .   .   .   .   Child: 1  Id: i [line: 70]
Sibling: 4  Func: main returns type int [line: 74]
.   Child: 1  Compound [line: 75]
.   .   Child: 0  Var: bbb of type bool [line: 76]
.   .   Sibling: 1  Var: ccc is array of type char [line: 77]
.   .   .   Child: 0  Const is array "cows" [line: 77]
.   .   Child: 1  Call: ant [line: 79]
.   .   Sibling: 1  Call: bat [line: 80]
.   .   .   Child: 0  Const 676 [line: 80]
.   .   .   Sibling: 1  Const 'g' [line: 80]
.   .   Sibling: 2  Call: cat [line: 81]
.   .   Sibling: 3  Call: bat [line: 82]
.   .   .   Child: 0  Call: ant [line: 82]
.   .   .   Sibling: 1  Call: cat [line: 82]
.   .   Sibling: 4  Assign: = [line: 83]
.   .   .   Child: 0  Id: bbb [line: 83]
.   .   .   Child: 1  Op: != [line: 83]
.   .   .   .   Child: 0  Op: [ [line: 83]
.   .   .   .   .   Child: 0  Id: ccc [line: 83]
.   .   .   .   .   Child: 1  Const 2 [line: 83]
.   .   .   .   Child: 1  Const 'r' [line: 83]
.   .   Sibling: 5  Return [line: 85]
.   .   .   Child: 0  Op: + [line: 85]
.   .   .   .   Child: 0  Call: ant [line: 85]
.   .   .   .   Child: 1  Const 807 [line: 85]
WARNING(40): Variable 'aa' may be uninitialized when used here.
WARNING(41): Variable 'b' may be uninitialized when used here.
WARNING(42): Variable 'c' may be uninitialized when used here.
WARNING(48): The variable 'z' seems not to be used.
WARNING(70): Variable 'i' may be uninitialized when used here.
Number of warnings: 5
Number of errors: 0
