Func: main returns type void [line: 1]
.   Child: 1  Compound [line: 1]
.   .   Child: 0  Var: a of type int [line: 2]
.   .   Sibling: 1  Var: d of type int [line: 2]
.   .   Sibling: 2  Var: e of type int [line: 2]
.   .   Sibling: 3  Var: b is array of type bool [line: 3]
.   .   Sibling: 4  Var: c is array of type char [line: 4]
.   .   Sibling: 5  Var: i is array of type int [line: 5]
.   .   Sibling: 6  Var: bb is array of type bool [line: 6]
.   .   .   Child: 0  Const true [line: 6]
.   .   Sibling: 7  Var: cc is array of type char [line: 7]
.   .   .   Child: 0  Const 'x' [line: 7]
.   .   Sibling: 8  Var: ii is array of type int [line: 8]
.   .   .   Child: 0  Const 666 [line: 8]
.   .   Child: 1  Assign: = [line: 10]
.   .   .   Child: 0  Id: b [line: 10]
.   .   .   Child: 1  Const true [line: 10]
.   .   Sibling: 1  Assign: = [line: 11]
.   .   .   Child: 0  Id: c [line: 11]
.   .   .   Child: 1  Const 'x' [line: 11]
.   .   Sibling: 2  Assign: = [line: 12]
.   .   .   Child: 0  Id: i [line: 12]
.   .   .   Child: 1  Const 10 [line: 12]
.   .   Sibling: 3  Assign: = [line: 13]
.   .   .   Child: 0  Id: bb [line: 13]
.   .   .   Child: 1  Id: b [line: 13]
.   .   Sibling: 4  Assign: = [line: 14]
.   .   .   Child: 0  Id: cc [line: 14]
.   .   .   Child: 1  Const is array "dogs" [line: 14]
.   .   Sibling: 5  Assign: = [line: 15]
.   .   .   Child: 0  Id: ii [line: 15]
.   .   .   Child: 1  Id: i [line: 15]
.   .   Sibling: 6  Op: [ [line: 16]
.   .   .   Child: 0  Id: i [line: 16]
.   .   .   Child: 1  Const 3 [line: 16]
.   .   Sibling: 7  Assign: = [line: 17]
.   .   .   Child: 0  Id: a [line: 17]
.   .   .   Child: 1  Op: [ [line: 17]
.   .   .   .   Child: 0  Id: i [line: 17]
.   .   .   .   Child: 1  Const 3 [line: 17]
.   .   Sibling: 8  Assign: = [line: 18]
.   .   .   Child: 0  Op: [ [line: 18]
.   .   .   .   Child: 0  Id: i [line: 18]
.   .   .   .   Child: 1  Const 3 [line: 18]
.   .   .   Child: 1  Id: a [line: 18]
.   .   Sibling: 9  Assign: = [line: 19]
.   .   .   Child: 0  Id: a [line: 19]
.   .   .   Child: 1  Id: d [line: 19]
ERROR(10): '=' requires both operands be arrays or not but lhs is an array and rhs is not an array.
ERROR(11): '=' requires both operands be arrays or not but lhs is an array and rhs is not an array.
ERROR(12): '=' requires both operands be arrays or not but lhs is an array and rhs is not an array.
WARNING(19): Variable 'd' may be uninitialized when used here.
WARNING(2): The variable 'e' seems not to be used.
Number of warnings: 2
Number of errors: 3
