Var: gx of type bool [line: 2]
Sibling: 1  Var: gy is array of type bool [line: 2]
Sibling: 2  Func: esperanza returns type void [line: 4]
.   Child: 0  Parm: px of type bool [line: 4]
.   Sibling: 1  Parm: py is array of type bool [line: 4]
.   Child: 1  Compound [line: 5]
.   .   Child: 0  Var: x of type bool [line: 6]
.   .   Sibling: 1  Var: y is array of type bool [line: 6]
.   .   Sibling: 2  Var: sx of type bool [line: 7]
.   .   Sibling: 3  Var: sy is array of type bool [line: 7]
.   .   Child: 1  Assign: = [line: 9]
.   .   .   Child: 0  Id: gx [line: 9]
.   .   .   Child: 1  Const true [line: 9]
.   .   Sibling: 1  Call: outputb [line: 10]
.   .   .   Child: 0  Id: gx [line: 10]
.   .   Sibling: 2  Assign: = [line: 11]
.   .   .   Child: 0  Op: [ [line: 11]
.   .   .   .   Child: 0  Id: gy [line: 11]
.   .   .   .   Child: 1  Const 9 [line: 11]
.   .   .   Child: 1  Const true [line: 11]
.   .   Sibling: 3  Call: outputb [line: 12]
.   .   .   Child: 0  Op: [ [line: 12]
.   .   .   .   Child: 0  Id: gy [line: 12]
.   .   .   .   Child: 1  Const 9 [line: 12]
.   .   Sibling: 4  Assign: = [line: 13]
.   .   .   Child: 0  Id: x [line: 13]
.   .   .   Child: 1  Const true [line: 13]
.   .   Sibling: 5  Call: outputb [line: 14]
.   .   .   Child: 0  Id: x [line: 14]
.   .   Sibling: 6  Assign: = [line: 15]
.   .   .   Child: 0  Op: [ [line: 15]
.   .   .   .   Child: 0  Id: y [line: 15]
.   .   .   .   Child: 1  Const 9 [line: 15]
.   .   .   Child: 1  Const true [line: 15]
.   .   Sibling: 7  Call: outputb [line: 16]
.   .   .   Child: 0  Op: [ [line: 16]
.   .   .   .   Child: 0  Id: y [line: 16]
.   .   .   .   Child: 1  Const 9 [line: 16]
.   .   Sibling: 8  Call: outnl [line: 17]
.   .   Sibling: 9  Assign: = [line: 19]
.   .   .   Child: 0  Id: px [line: 19]
.   .   .   Child: 1  Const true [line: 19]
.   .   Sibling: 10  Call: outputb [line: 20]
.   .   .   Child: 0  Id: px [line: 20]
.   .   Sibling: 11  Assign: = [line: 21]
.   .   .   Child: 0  Op: [ [line: 21]
.   .   .   .   Child: 0  Id: py [line: 21]
.   .   .   .   Child: 1  Const 9 [line: 21]
.   .   .   Child: 1  Const true [line: 21]
.   .   Sibling: 12  Call: outputb [line: 22]
.   .   .   Child: 0  Op: [ [line: 22]
.   .   .   .   Child: 0  Id: py [line: 22]
.   .   .   .   Child: 1  Const 9 [line: 22]
.   .   Sibling: 13  Assign: = [line: 23]
.   .   .   Child: 0  Id: sx [line: 23]
.   .   .   Child: 1  Const true [line: 23]
.   .   Sibling: 14  Call: outputb [line: 24]
.   .   .   Child: 0  Id: sx [line: 24]
.   .   Sibling: 15  Assign: = [line: 25]
.   .   .   Child: 0  Op: [ [line: 25]
.   .   .   .   Child: 0  Id: sy [line: 25]
.   .   .   .   Child: 1  Const 9 [line: 25]
.   .   .   Child: 1  Const true [line: 25]
.   .   Sibling: 16  Call: outputb [line: 26]
.   .   .   Child: 0  Op: [ [line: 26]
.   .   .   .   Child: 0  Id: sy [line: 26]
.   .   .   .   Child: 1  Const 9 [line: 26]
.   .   Sibling: 17  Call: outnl [line: 27]
Sibling: 3  Func: main returns type void [line: 31]
.   Child: 1  Compound [line: 32]
.   .   Child: 0  Var: zx of type bool [line: 33]
.   .   Sibling: 1  Var: zy is array of type bool [line: 33]
.   .   Child: 1  Call: esperanza [line: 34]
.   .   .   Child: 0  Id: zx [line: 34]
.   .   .   Sibling: 1  Id: zy [line: 34]
ERROR(10): Symbol 'outputb' is not declared.
ERROR(12): Symbol 'outputb' is not declared.
ERROR(14): Symbol 'outputb' is not declared.
ERROR(16): Symbol 'outputb' is not declared.
ERROR(17): Symbol 'outnl' is not declared.
ERROR(20): Symbol 'outputb' is not declared.
ERROR(22): Symbol 'outputb' is not declared.
ERROR(24): Symbol 'outputb' is not declared.
ERROR(26): Symbol 'outputb' is not declared.
ERROR(27): Symbol 'outnl' is not declared.
WARNING(34): Variable 'zx' may be uninitialized when used here.
WARNING(34): Variable 'zy' may be uninitialized when used here.
Number of warnings: 2
Number of errors: 10
