Func: cheyenne returns type void [line: 2]
.   Child: 0  Parm: a of type int [line: 2]
.   Sibling: 1  Parm: b of type bool [line: 2]
.   Sibling: 2  Parm: c of type char [line: 2]
.   Child: 1  Compound [line: 3]
.   .   Child: 1  Call: output [line: 4]
.   .   .   Child: 0  Id: a [line: 4]
.   .   Sibling: 1  Call: outputb [line: 5]
.   .   .   Child: 0  Id: b [line: 5]
.   .   Sibling: 2  Call: outputc [line: 6]
.   .   .   Child: 0  Id: c [line: 6]
.   .   Sibling: 3  Call: outnl [line: 7]
Sibling: 1  Func: sioux returns type void [line: 11]
.   Child: 0  Parm: a is array of type int [line: 11]
.   Sibling: 1  Parm: b is array of type bool [line: 11]
.   Sibling: 2  Parm: c is array of type char [line: 11]
.   Child: 1  Compound [line: 12]
.   .   Child: 1  Call: output [line: 13]
.   .   .   Child: 0  Op: [ [line: 13]
.   .   .   .   Child: 0  Id: a [line: 13]
.   .   .   .   Child: 1  Const 1 [line: 13]
.   .   Sibling: 1  Call: outputb [line: 14]
.   .   .   Child: 0  Op: [ [line: 14]
.   .   .   .   Child: 0  Id: b [line: 14]
.   .   .   .   Child: 1  Const 2 [line: 14]
.   .   Sibling: 2  Call: outputc [line: 15]
.   .   .   Child: 0  Op: [ [line: 15]
.   .   .   .   Child: 0  Id: c [line: 15]
.   .   .   .   Child: 1  Const 3 [line: 15]
.   .   Sibling: 3  Call: outnl [line: 16]
Sibling: 2  Func: comanche returns type void [line: 20]
.   Child: 0  Parm: z is array of type int [line: 20]
.   Child: 1  Compound [line: 21]
.   .   Child: 0  Var: b is array of type bool [line: 22]
.   .   Sibling: 1  Var: c is array of type char [line: 23]
.   .   Child: 1  Assign: = [line: 25]
.   .   .   Child: 0  Op: [ [line: 25]
.   .   .   .   Child: 0  Id: b [line: 25]
.   .   .   .   Child: 1  Const 2 [line: 25]
.   .   .   Child: 1  Const true [line: 25]
.   .   Sibling: 1  Assign: = [line: 26]
.   .   .   Child: 0  Op: [ [line: 26]
.   .   .   .   Child: 0  Id: c [line: 26]
.   .   .   .   Child: 1  Const 3 [line: 26]
.   .   .   Child: 1  Const 'z' [line: 26]
.   .   Sibling: 2  Call: sioux [line: 27]
.   .   .   Child: 0  Id: z [line: 27]
.   .   .   Sibling: 1  Id: b [line: 27]
.   .   .   Sibling: 2  Id: c [line: 27]
Sibling: 3  Var: ga is array of type int [line: 32]
Sibling: 4  Var: gb is array of type bool [line: 33]
Sibling: 5  Var: gc is array of type char [line: 34]
Sibling: 6  Func: main returns type void [line: 36]
.   Child: 1  Compound [line: 37]
.   .   Child: 0  Var: a is array of type int [line: 38]
.   .   Sibling: 1  Var: b is array of type bool [line: 39]
.   .   Sibling: 2  Var: c is array of type char [line: 40]
.   .   Child: 1  Assign: = [line: 42]
.   .   .   Child: 0  Op: [ [line: 42]
.   .   .   .   Child: 0  Id: a [line: 42]
.   .   .   .   Child: 1  Const 1 [line: 42]
.   .   .   Child: 1  Const 555 [line: 42]
.   .   Sibling: 1  Assign: = [line: 43]
.   .   .   Child: 0  Op: [ [line: 43]
.   .   .   .   Child: 0  Id: b [line: 43]
.   .   .   .   Child: 1  Const 2 [line: 43]
.   .   .   Child: 1  Const true [line: 43]
.   .   Sibling: 2  Assign: = [line: 44]
.   .   .   Child: 0  Op: [ [line: 44]
.   .   .   .   Child: 0  Id: c [line: 44]
.   .   .   .   Child: 1  Const 3 [line: 44]
.   .   .   Child: 1  Const 'z' [line: 44]
.   .   Sibling: 3  Call: cheyenne [line: 45]
.   .   .   Child: 0  Const 666 [line: 45]
.   .   .   Sibling: 1  Const true [line: 45]
.   .   .   Sibling: 2  Const 'c' [line: 45]
.   .   Sibling: 4  Call: cheyenne [line: 46]
.   .   .   Child: 0  Const 777 [line: 46]
.   .   .   Sibling: 1  Const false [line: 46]
.   .   .   Sibling: 2  Const 'd' [line: 46]
.   .   Sibling: 5  Call: sioux [line: 47]
.   .   .   Child: 0  Id: a [line: 47]
.   .   .   Sibling: 1  Id: b [line: 47]
.   .   .   Sibling: 2  Id: c [line: 47]
.   .   Sibling: 6  Call: comanche [line: 48]
.   .   .   Child: 0  Id: a [line: 48]
.   .   Sibling: 7  Assign: = [line: 50]
.   .   .   Child: 0  Op: [ [line: 50]
.   .   .   .   Child: 0  Id: ga [line: 50]
.   .   .   .   Child: 1  Const 1 [line: 50]
.   .   .   Child: 1  Const 888 [line: 50]
.   .   Sibling: 8  Assign: = [line: 51]
.   .   .   Child: 0  Op: [ [line: 51]
.   .   .   .   Child: 0  Id: gb [line: 51]
.   .   .   .   Child: 1  Const 2 [line: 51]
.   .   .   Child: 1  Const false [line: 51]
.   .   Sibling: 9  Assign: = [line: 52]
.   .   .   Child: 0  Op: [ [line: 52]
.   .   .   .   Child: 0  Id: gc [line: 52]
.   .   .   .   Child: 1  Const 3 [line: 52]
.   .   .   Child: 1  Const 'g' [line: 52]
.   .   Sibling: 10  Call: sioux [line: 53]
.   .   .   Child: 0  Id: ga [line: 53]
.   .   .   Sibling: 1  Id: gb [line: 53]
.   .   .   Sibling: 2  Id: gc [line: 53]
.   .   Sibling: 11  Call: comanche [line: 54]
.   .   .   Child: 0  Id: ga [line: 54]
.   .   Sibling: 12  Compound [line: 56]
.   .   .   Child: 0  Var: ga is array of type int [line: 57]
.   .   .   Sibling: 1  Var: gb is array of type bool [line: 58]
.   .   .   Sibling: 2  Var: gc is array of type char [line: 59]
.   .   .   Child: 1  Assign: = [line: 60]
.   .   .   .   Child: 0  Op: [ [line: 60]
.   .   .   .   .   Child: 0  Id: ga [line: 60]
.   .   .   .   .   Child: 1  Const 1 [line: 60]
.   .   .   .   Child: 1  Const 999 [line: 60]
.   .   .   Sibling: 1  Assign: = [line: 61]
.   .   .   .   Child: 0  Op: [ [line: 61]
.   .   .   .   .   Child: 0  Id: gb [line: 61]
.   .   .   .   .   Child: 1  Const 2 [line: 61]
.   .   .   .   Child: 1  Const true [line: 61]
.   .   .   Sibling: 2  Assign: = [line: 62]
.   .   .   .   Child: 0  Op: [ [line: 62]
.   .   .   .   .   Child: 0  Id: gc [line: 62]
.   .   .   .   .   Child: 1  Const 3 [line: 62]
.   .   .   .   Child: 1  Const 's' [line: 62]
.   .   .   Sibling: 3  Call: sioux [line: 64]
.   .   .   .   Child: 0  Id: ga [line: 64]
.   .   .   .   Sibling: 1  Id: gb [line: 64]
.   .   .   .   Sibling: 2  Id: gc [line: 64]
.   .   .   Sibling: 4  Call: comanche [line: 65]
.   .   .   .   Child: 0  Id: ga [line: 65]
ERROR(4): Symbol 'output' is not declared.
ERROR(5): Symbol 'outputb' is not declared.
ERROR(6): Symbol 'outputc' is not declared.
ERROR(7): Symbol 'outnl' is not declared.
ERROR(13): Symbol 'output' is not declared.
ERROR(14): Symbol 'outputb' is not declared.
ERROR(15): Symbol 'outputc' is not declared.
ERROR(16): Symbol 'outnl' is not declared.
Number of warnings: 0
Number of errors: 8
