Func: main returns type void [line: 1]
.   Child: 1  Compound [line: 2]
.   .   Child: 1  For [line: 3]
.   .   .   Child: 0  Var: i of type int [line: 3]
.   .   .   Child: 1  Range [line: 3]
.   .   .   .   Child: 0  Const 1 [line: 3]
.   .   .   .   Child: 1  Const 11 [line: 3]
.   .   .   Child: 2  Assign: = [line: 3]
.   .   .   .   Child: 0  Id: i [line: 3]
.   .   .   .   Child: 1  Const 3 [line: 3]
.   .   Sibling: 1  For [line: 5]
.   .   .   Child: 0  Var: j of type int [line: 5]
.   .   .   Child: 1  Range [line: 5]
.   .   .   .   Child: 0  Const 2 [line: 5]
.   .   .   .   Child: 1  Const 22 [line: 5]
.   .   .   .   Child: 2  Const 3 [line: 5]
.   .   .   Child: 2  Assign: = [line: 5]
.   .   .   .   Child: 0  Id: j [line: 5]
.   .   .   .   Child: 1  Const 7 [line: 5]
.   .   Sibling: 2  For [line: 7]
.   .   .   Child: 0  Var: i of type int [line: 7]
.   .   .   Child: 1  Range [line: 7]
.   .   .   .   Child: 0  Id: i [line: 7]
.   .   .   .   Child: 1  Id: i [line: 7]
.   .   .   .   Child: 2  Id: i [line: 7]
.   .   .   Child: 2  Const 666 [line: 7]
WARNING(7): The variable 'i' seems not to be used.
Number of warnings: 1
Number of errors: 0
