Func: main returns type void [line: 2]
.   Child: 1  Compound [line: 3]
.   .   Child: 0  Var: x of type int [line: 4]
.   .   Sibling: 1  Var: y of type int [line: 4]
.   .   Sibling: 2  Var: z of type int [line: 4]
.   .   Child: 1  If [line: 6]
.   .   .   Child: 0  Op: >= [line: 6]
.   .   .   .   Child: 0  Id: x [line: 6]
.   .   .   .   Child: 1  Const 0 [line: 6]
.   .   .   Child: 1  While [line: 7]
.   .   .   .   Child: 0  Const true [line: 7]
.   .   .   .   Child: 1  Id: x [line: 7]
.   .   .   Child: 2  Id: y [line: 8]
.   .   Sibling: 1  Const 111 [line: 9]
.   .   Sibling: 2  If [line: 10]
.   .   .   Child: 0  Op: >= [line: 10]
.   .   .   .   Child: 0  Id: y [line: 10]
.   .   .   .   Child: 1  Const 0 [line: 10]
.   .   .   Child: 1  Id: y [line: 10]
.   .   .   Child: 2  While [line: 11]
.   .   .   .   Child: 0  Const true [line: 11]
.   .   .   .   Child: 1  Id: z [line: 11]
.   .   Sibling: 3  Const 222 [line: 12]
.   .   Sibling: 4  If [line: 13]
.   .   .   Child: 0  Op: >= [line: 13]
.   .   .   .   Child: 0  Id: y [line: 13]
.   .   .   .   Child: 1  Const 0 [line: 13]
.   .   .   Child: 1  Id: y [line: 13]
.   .   Sibling: 5  While [line: 14]
.   .   .   Child: 0  Const true [line: 14]
.   .   .   Child: 1  If [line: 15]
.   .   .   .   Child: 0  Const true [line: 15]
.   .   .   .   Child: 1  Id: z [line: 15]
.   .   .   .   Child: 2  Id: x [line: 16]
.   .   Sibling: 6  Const 333 [line: 17]
.   .   Sibling: 7  If [line: 18]
.   .   .   Child: 0  Op: >= [line: 18]
.   .   .   .   Child: 0  Id: x [line: 18]
.   .   .   .   Child: 1  Const 0 [line: 18]
.   .   .   Child: 1  While [line: 19]
.   .   .   .   Child: 0  Const true [line: 19]
.   .   .   .   Child: 1  If [line: 20]
.   .   .   .   .   Child: 0  Const true [line: 20]
.   .   .   .   .   Child: 1  Id: x [line: 20]
.   .   .   .   .   Child: 2  Id: y [line: 21]
.   .   .   Child: 2  Id: z [line: 22]
.   .   Sibling: 8  Const 444 [line: 23]
.   .   Sibling: 9  If [line: 24]
.   .   .   Child: 0  Op: >= [line: 24]
.   .   .   .   Child: 0  Id: x [line: 24]
.   .   .   .   Child: 1  Const 0 [line: 24]
.   .   .   Child: 1  Id: z [line: 24]
.   .   .   Child: 2  If [line: 26]
.   .   .   .   Child: 0  Const true [line: 26]
.   .   .   .   Child: 1  While [line: 27]
.   .   .   .   .   Child: 0  Const true [line: 27]
.   .   .   .   .   Child: 1  If [line: 28]
.   .   .   .   .   .   Child: 0  Const true [line: 28]
.   .   .   .   .   .   Child: 1  Id: x [line: 28]
.   .   .   .   .   .   Child: 2  Id: y [line: 29]
.   .   .   .   Child: 2  Id: z [line: 30]
WARNING(6): Variable 'x' may be uninitialized when used here.
WARNING(8): Variable 'y' may be uninitialized when used here.
WARNING(11): Variable 'z' may be uninitialized when used here.
Number of warnings: 3
Number of errors: 0
