Func: main returns type void [line: 2]
.   Child: 1  Compound [line: 3]
.   .   Child: 0  Var: x of type int [line: 4]
.   .   Child: 1  If [line: 6]
.   .   .   Child: 0  Const 111 [line: 6]
.   .   .   Child: 1  For [line: 7]
.   .   .   .   Child: 0  Var: x of type int [line: 7]
.   .   .   .   Child: 1  Range [line: 7]
.   .   .   .   .   Child: 0  Id: x [line: 7]
.   .   .   .   .   Child: 1  Id: x [line: 7]
.   .   .   .   .   Child: 2  Id: x [line: 7]
.   .   .   .   Child: 2  If [line: 8]
.   .   .   .   .   Child: 0  Const 333 [line: 8]
.   .   .   .   .   Child: 1  For [line: 9]
.   .   .   .   .   .   Child: 0  Var: x of type int [line: 9]
.   .   .   .   .   .   Child: 1  Range [line: 9]
.   .   .   .   .   .   .   Child: 0  Const 1 [line: 9]
.   .   .   .   .   .   .   Child: 1  Id: x [line: 9]
.   .   .   .   .   .   Child: 2  Const 555 [line: 9]
.   .   .   .   .   Child: 2  Const 666 [line: 10]
.   .   .   Child: 2  Const 777 [line: 11]
.   .   Sibling: 1  If [line: 13]
.   .   .   Child: 0  Const 111 [line: 13]
.   .   .   Child: 1  For [line: 14]
.   .   .   .   Child: 0  Var: x of type int [line: 14]
.   .   .   .   Child: 1  Range [line: 14]
.   .   .   .   .   Child: 0  Const 1 [line: 14]
.   .   .   .   .   Child: 1  Const 2 [line: 14]
.   .   .   .   .   Child: 2  Op: * [line: 14]
.   .   .   .   .   .   Child: 0  Id: x [line: 14]
.   .   .   .   .   .   Child: 1  Id: x [line: 14]
.   .   .   .   Child: 2  Const 333 [line: 14]
.   .   .   Child: 2  For [line: 16]
.   .   .   .   Child: 0  Var: x of type int [line: 16]
.   .   .   .   Child: 1  Range [line: 16]
.   .   .   .   .   Child: 0  Const 1 [line: 16]
.   .   .   .   .   Child: 1  Id: x [line: 16]
.   .   .   .   Child: 2  Const 555 [line: 16]
.   .   Sibling: 2  If [line: 18]
.   .   .   Child: 0  Const 111 [line: 18]
.   .   .   Child: 1  For [line: 19]
.   .   .   .   Child: 0  Var: x of type int [line: 19]
.   .   .   .   Child: 1  Range [line: 19]
.   .   .   .   .   Child: 0  Const 1 [line: 19]
.   .   .   .   .   Child: 1  Const 10 [line: 19]
.   .   .   .   Child: 2  For [line: 20]
.   .   .   .   .   Child: 0  Var: x of type int [line: 20]
.   .   .   .   .   Child: 1  Range [line: 20]
.   .   .   .   .   .   Child: 0  Id: x [line: 20]
.   .   .   .   .   .   Child: 1  Const 10 [line: 20]
.   .   .   .   .   Child: 2  Const 555 [line: 20]
.   .   .   Child: 2  Const 666 [line: 21]
WARNING(9): The variable 'x' seems not to be used.
WARNING(7): The variable 'x' seems not to be used.
WARNING(14): The variable 'x' seems not to be used.
WARNING(16): The variable 'x' seems not to be used.
WARNING(20): The variable 'x' seems not to be used.
WARNING(19): The variable 'x' seems not to be used.
WARNING(4): The variable 'x' seems not to be used.
Number of warnings: 7
Number of errors: 0
