Func: main returns type void [line: 2]
.   Child: 1  Compound [line: 3]
.   .   Child: 1  If [line: 4]
.   .   .   Child: 0  Const 111 [line: 4]
.   .   .   Child: 1  While [line: 5]
.   .   .   .   Child: 0  Const 222 [line: 5]
.   .   .   .   Child: 1  If [line: 6]
.   .   .   .   .   Child: 0  Const 333 [line: 6]
.   .   .   .   .   Child: 1  While [line: 7]
.   .   .   .   .   .   Child: 0  Const 444 [line: 7]
.   .   .   .   .   .   Child: 1  Const 555 [line: 7]
.   .   .   .   .   Child: 2  Const 666 [line: 8]
.   .   .   Child: 2  Const 777 [line: 9]
.   .   Sibling: 1  If [line: 11]
.   .   .   Child: 0  Const 111 [line: 11]
.   .   .   Child: 1  While [line: 12]
.   .   .   .   Child: 0  Const 222 [line: 12]
.   .   .   .   Child: 1  Const 333 [line: 12]
.   .   .   Child: 2  While [line: 14]
.   .   .   .   Child: 0  Const 444 [line: 14]
.   .   .   .   Child: 1  Const 555 [line: 14]
.   .   Sibling: 2  If [line: 16]
.   .   .   Child: 0  Const 111 [line: 16]
.   .   .   Child: 1  While [line: 17]
.   .   .   .   Child: 0  Const 222 [line: 17]
.   .   .   .   Child: 1  While [line: 18]
.   .   .   .   .   Child: 0  Const 444 [line: 18]
.   .   .   .   .   Child: 1  Const 555 [line: 18]
.   .   .   Child: 2  Const 666 [line: 19]
Number of warnings: 0
Number of errors: 0
