Var: g of type int [line: 2]
Sibling: 1  Func: main returns type void [line: 4]
.   Child: 0  Parm: p of type int [line: 4]
.   Child: 1  Compound [line: 5]
.   .   Child: 0  Var: a of type int [line: 6]
.   .   Child: 1  Compound [line: 7]
.   .   .   Child: 0  Var: b of type int [line: 8]
.   .   Sibling: 1  Compound [line: 10]
.   .   .   Child: 0  Var: c of type int [line: 11]
.   .   Sibling: 2  Compound [line: 13]
.   .   .   Child: 1  Compound [line: 14]
.   .   .   .   Child: 0  Var: b of type int [line: 15]
.   .   .   Sibling: 1  Compound [line: 17]
.   .   .   .   Child: 0  Var: c of type int [line: 18]
Sibling: 2  Var: h of type int [line: 23]
WARNING(8): The variable 'b' seems not to be used.
WARNING(11): The variable 'c' seems not to be used.
WARNING(15): The variable 'b' seems not to be used.
WARNING(18): The variable 'c' seems not to be used.
WARNING(6): The variable 'a' seems not to be used.
WARNING(4): The variable 'p' seems not to be used.
ERROR(LINKER): A function named 'main()' must be defined.
Number of warnings: 6
Number of errors: 1
