Func: main returns type void [line: 2]
.   Child: 0  Parm: p is array of type int [line: 2]
.   Child: 1  Compound [line: 3]
.   .   Child: 0  Var: a is array of type int [line: 4]
.   .   Child: 1  Compound [line: 5]
.   .   .   Child: 0  Var: b is array of type int [line: 6]
.   .   Sibling: 1  Compound [line: 8]
.   .   .   Child: 0  Var: c is array of type int [line: 9]
.   .   Sibling: 2  Compound [line: 11]
.   .   .   Child: 1  Compound [line: 12]
.   .   .   .   Child: 0  Var: b is array of type int [line: 13]
.   .   .   Sibling: 1  Compound [line: 15]
.   .   .   .   Child: 0  Var: c is array of type int [line: 16]
WARNING(6): The variable 'b' seems not to be used.
WARNING(9): The variable 'c' seems not to be used.
WARNING(13): The variable 'b' seems not to be used.
WARNING(16): The variable 'c' seems not to be used.
WARNING(4): The variable 'a' seems not to be used.
WARNING(2): The variable 'p' seems not to be used.
ERROR(LINKER): A function named 'main()' must be defined.
Number of warnings: 6
Number of errors: 1
