Func: main returns type void [line: 2]
.   Child: 1  Compound [line: 3]
.   .   Child: 0  Var: i of type int [line: 4]
.   .   Sibling: 1  Var: sum of type int [line: 4]
.   .   Child: 1  Assign: = [line: 6]
.   .   .   Child: 0  Id: i [line: 6]
.   .   .   Child: 1  Assign: = [line: 6]
.   .   .   .   Child: 0  Id: sum [line: 6]
.   .   .   .   Child: 1  Const 0 [line: 6]
.   .   Sibling: 1  While [line: 7]
.   .   .   Child: 0  Op: < [line: 7]
.   .   .   .   Child: 0  Id: i [line: 7]
.   .   .   .   Child: 1  Const 1000 [line: 7]
.   .   .   Child: 1  Compound [line: 7]
.   .   .   .   Child: 1  Assign: += [line: 8]
.   .   .   .   .   Child: 0  Id: sum [line: 8]
.   .   .   .   .   Child: 1  Op: ? [line: 8]
.   .   .   .   .   .   Child: 0  Const 6 [line: 8]
.   .   .   .   Sibling: 1  Assign: ++ [line: 9]
.   .   .   .   .   Child: 0  Id: i [line: 9]
.   .   Sibling: 2  Call: outputb [line: 11]
.   .   .   Child: 0  Const true [line: 11]
.   .   Sibling: 3  Call: outputb [line: 13]
.   .   .   Child: 0  Op: and [line: 13]
.   .   .   .   Child: 0  Op: < [line: 13]
.   .   .   .   .   Child: 0  Const 2300 [line: 13]
.   .   .   .   .   Child: 1  Id: sum [line: 13]
.   .   .   .   Child: 1  Op: < [line: 13]
.   .   .   .   .   Child: 0  Id: sum [line: 13]
.   .   .   .   .   Child: 1  Const 2700 [line: 13]
.   .   Sibling: 4  Call: outnl [line: 14]
.   .   Sibling: 5  Call: outputb [line: 16]
.   .   .   Child: 0  Op: < [line: 16]
.   .   .   .   Child: 0  Op: ? [line: 16]
.   .   .   .   .   Child: 0  Const 3 [line: 16]
.   .   .   .   Child: 1  Const 3 [line: 16]
.   .   Sibling: 6  Call: outnl [line: 17]
ERROR(11): Symbol 'outputb' is not declared.
ERROR(13): Symbol 'outputb' is not declared.
ERROR(14): Symbol 'outnl' is not declared.
ERROR(16): Symbol 'outputb' is not declared.
ERROR(17): Symbol 'outnl' is not declared.
Number of warnings: 0
Number of errors: 5
