Var: main of type int [line: 1]
Sibling: 1  Func: main returns type int [line: 2]
.   Child: 1  Compound [line: 2]
Sibling: 2  Func: main returns type void [line: 3]
.   Child: 0  Parm: x of type int [line: 3]
.   Child: 1  Compound [line: 4]
.   .   Child: 0  Var: y of type int [line: 5]
.   .   Sibling: 1  Var: z is array of type int [line: 6]
.   .   Child: 1  Assign: = [line: 8]
.   .   .   Child: 0  Id: y [line: 8]
.   .   .   Child: 1  Const 3 [line: 8]
.   .   Sibling: 1  Call: main [line: 9]
.   .   .   Child: 0  Id: y [line: 9]
.   .   Sibling: 2  Assign: ++ [line: 10]
.   .   .   Child: 0  Id: y [line: 10]
.   .   Sibling: 3  Assign: = [line: 11]
.   .   .   Child: 0  Id: x [line: 11]
.   .   .   Child: 1  Assign: = [line: 11]
.   .   .   .   Child: 0  Id: y [line: 11]
.   .   .   .   Child: 1  Assign: ++ [line: 11]
.   .   .   .   .   Child: 0  Id: y [line: 11]
.   .   Sibling: 4  Op: + [line: 14]
.   .   .   Child: 0  Assign: ++ [line: 14]
.   .   .   .   Child: 0  Id: y [line: 14]
.   .   .   Child: 1  Const 1 [line: 14]
.   .   Sibling: 5  Assign: = [line: 16]
.   .   .   Child: 0  Id: y [line: 16]
.   .   .   Child: 1  Assign: ++ [line: 16]
.   .   .   .   Child: 0  Id: y [line: 16]
.   .   Sibling: 6  Assign: = [line: 17]
.   .   .   Child: 0  Id: y [line: 17]
.   .   .   Child: 1  Op: + [line: 17]
.   .   .   .   Child: 0  Assign: ++ [line: 17]
.   .   .   .   .   Child: 0  Id: y [line: 17]
.   .   .   .   Child: 1  Const 1 [line: 17]
.   .   Sibling: 7  Call: main [line: 18]
.   .   .   Child: 0  Assign: ++ [line: 18]
.   .   .   .   Child: 0  Id: y [line: 18]
.   .   Sibling: 8  If [line: 21]
.   .   .   Child: 0  Assign: ++ [line: 21]
.   .   .   .   Child: 0  Id: y [line: 21]
.   .   .   Child: 1  Assign: = [line: 21]
.   .   .   .   Child: 0  Id: y [line: 21]
.   .   .   .   Child: 1  Const 4 [line: 21]
.   .   Sibling: 9  If [line: 23]
.   .   .   Child: 0  Assign: = [line: 23]
.   .   .   .   Child: 0  Id: y [line: 23]
.   .   .   .   Child: 1  Op: + [line: 23]
.   .   .   .   .   Child: 0  Id: y [line: 23]
.   .   .   .   .   Child: 1  Const 1 [line: 23]
.   .   .   Child: 1  Assign: = [line: 23]
.   .   .   .   Child: 0  Id: y [line: 23]
.   .   .   .   Child: 1  Const 4 [line: 23]
.   .   Sibling: 10  Assign: = [line: 24]
.   .   .   Child: 0  Op: [ [line: 24]
.   .   .   .   Child: 0  Id: z [line: 24]
.   .   .   .   Child: 1  Assign: ++ [line: 24]
.   .   .   .   .   Child: 0  Id: y [line: 24]
.   .   .   Child: 1  Const 6 [line: 24]
.   .   Sibling: 11  Assign: = [line: 25]
.   .   .   Child: 0  Op: [ [line: 25]
.   .   .   .   Child: 0  Id: z [line: 25]
.   .   .   .   Child: 1  Assign: = [line: 25]
.   .   .   .   .   Child: 0  Id: y [line: 25]
.   .   .   .   .   Child: 1  Const 7 [line: 25]
.   .   .   Child: 1  Const 6 [line: 25]
ERROR(2): Symbol 'main' is already declared at line 1.
ERROR(3): Symbol 'main' is already declared at line 1.
ERROR(9): 'main' is a simple variable and cannot be called.
ERROR(18): 'main' is a simple variable and cannot be called.
ERROR(LINKER): A function named 'main()' must be defined.
Number of warnings: 0
Number of errors: 5
