Func: main returns type void [line: 1]
.   Child: 1  Compound [line: 2]
.   .   Child: 0  Var: a of type int [line: 3]
.   .   Sibling: 1  Var: b of type int [line: 3]
.   .   Sibling: 2  Var: c of type int [line: 3]
.   .   Sibling: 3  Var: d of type int [line: 3]
.   .   Sibling: 4  Var: aa is array of type int [line: 4]
.   .   Sibling: 5  Var: bb is array of type int [line: 4]
.   .   Sibling: 6  Var: cc is array of type int [line: 4]
.   .   Sibling: 7  Var: dd is array of type int [line: 4]
.   .   Sibling: 8  Var: ee is array of type int [line: 4]
.   .   Child: 1  Assign: = [line: 6]
.   .   .   Child: 0  Id: a [line: 6]
.   .   .   Child: 1  Id: b [line: 6]
.   .   Sibling: 1  Assign: = [line: 7]
.   .   .   Child: 0  Id: a [line: 7]
.   .   .   Child: 1  Id: b [line: 7]
.   .   Sibling: 2  Assign: = [line: 8]
.   .   .   Child: 0  Id: a [line: 8]
.   .   .   Child: 1  Op: [ [line: 8]
.   .   .   .   Child: 0  Id: aa [line: 8]
.   .   .   .   Child: 1  Const 3 [line: 8]
.   .   Sibling: 3  Assign: = [line: 9]
.   .   .   Child: 0  Id: a [line: 9]
.   .   .   Child: 1  Op: [ [line: 9]
.   .   .   .   Child: 0  Id: bb [line: 9]
.   .   .   .   Child: 1  Op: [ [line: 9]
.   .   .   .   .   Child: 0  Id: cc [line: 9]
.   .   .   .   .   Child: 1  Const 3 [line: 9]
.   .   Sibling: 4  Assign: = [line: 10]
.   .   .   Child: 0  Op: [ [line: 10]
.   .   .   .   Child: 0  Id: cc [line: 10]
.   .   .   .   Child: 1  Id: c [line: 10]
.   .   .   Child: 1  Id: a [line: 10]
.   .   Sibling: 5  Assign: = [line: 11]
.   .   .   Child: 0  Op: [ [line: 11]
.   .   .   .   Child: 0  Id: cc [line: 11]
.   .   .   .   Child: 1  Op: + [line: 11]
.   .   .   .   .   Child: 0  Id: c [line: 11]
.   .   .   .   .   Child: 1  Id: d [line: 11]
.   .   .   Child: 1  Id: a [line: 11]
.   .   Sibling: 6  Op: [ [line: 12]
.   .   .   Child: 0  Id: cc [line: 12]
.   .   .   Child: 1  Op: [ [line: 12]
.   .   .   .   Child: 0  Id: dd [line: 12]
.   .   .   .   Child: 1  Const 3 [line: 12]
.   .   Sibling: 7  Assign: = [line: 13]
.   .   .   Child: 0  Op: [ [line: 13]
.   .   .   .   Child: 0  Id: cc [line: 13]
.   .   .   .   Child: 1  Op: [ [line: 13]
.   .   .   .   .   Child: 0  Id: ee [line: 13]
.   .   .   .   .   Child: 1  Const 3 [line: 13]
.   .   .   Child: 1  Const 284 [line: 13]
WARNING(6): Variable 'b' may be uninitialized when used here.
WARNING(8): Variable 'aa' may be uninitialized when used here.
WARNING(9): Variable 'bb' may be uninitialized when used here.
WARNING(9): Variable 'cc' may be uninitialized when used here.
WARNING(12): Variable 'dd' may be uninitialized when used here.
Number of warnings: 5
Number of errors: 0
