Var: gx of type int [line: 2]
Sibling: 1  Var: gy is array of type int [line: 2]
Sibling: 2  Func: main returns type void [line: 3]
.   Child: 0  Parm: px of type int [line: 3]
.   Sibling: 1  Parm: py is array of type int [line: 3]
.   Child: 1  Compound [line: 4]
.   .   Child: 0  Var: x of type int [line: 5]
.   .   Sibling: 1  Var: y is array of type int [line: 5]
.   .   Sibling: 2  Var: sx of type int [line: 6]
.   .   Sibling: 3  Var: sy is array of type int [line: 6]
.   .   Child: 1  Id: gx [line: 8]
.   .   Sibling: 1  Op: [ [line: 9]
.   .   .   Child: 0  Id: gy [line: 9]
.   .   .   Child: 1  Const 9 [line: 9]
.   .   Sibling: 2  Op: sizeof [line: 10]
.   .   .   Child: 0  Id: gy [line: 10]
.   .   Sibling: 3  Id: x [line: 12]
.   .   Sibling: 4  Op: [ [line: 13]
.   .   .   Child: 0  Id: y [line: 13]
.   .   .   Child: 1  Const 9 [line: 13]
.   .   Sibling: 5  Op: sizeof [line: 14]
.   .   .   Child: 0  Id: y [line: 14]
.   .   Sibling: 6  Id: px [line: 16]
.   .   Sibling: 7  Op: [ [line: 17]
.   .   .   Child: 0  Id: py [line: 17]
.   .   .   Child: 1  Const 9 [line: 17]
.   .   Sibling: 8  Op: sizeof [line: 18]
.   .   .   Child: 0  Id: py [line: 18]
.   .   Sibling: 9  Id: sx [line: 20]
.   .   Sibling: 10  Op: [ [line: 21]
.   .   .   Child: 0  Id: sy [line: 21]
.   .   .   Child: 1  Const 9 [line: 21]
.   .   Sibling: 11  Op: sizeof [line: 22]
.   .   .   Child: 0  Id: sy [line: 22]
WARNING(12): Variable 'x' may be uninitialized when used here.
WARNING(13): Variable 'y' may be uninitialized when used here.
ERROR(LINKER): A function named 'main()' must be defined.
Number of warnings: 2
Number of errors: 1
