Var: gx of type int [line: 2]
Sibling: 1  Var: gy is array of type int [line: 2]
Sibling: 2  Func: esperanza returns type void [line: 3]
.   Child: 0  Parm: px of type int [line: 3]
.   Sibling: 1  Parm: py is array of type int [line: 3]
.   Child: 1  Compound [line: 4]
.   .   Child: 0  Var: x of type int [line: 5]
.   .   Sibling: 1  Var: y is array of type int [line: 5]
.   .   Sibling: 2  Var: sx of type int [line: 6]
.   .   Sibling: 3  Var: sy is array of type int [line: 6]
.   .   Child: 1  Assign: = [line: 7]
.   .   .   Child: 0  Id: gx [line: 7]
.   .   .   Child: 1  Const 444 [line: 7]
.   .   Sibling: 1  Assign: = [line: 8]
.   .   .   Child: 0  Id: x [line: 8]
.   .   .   Child: 1  Const 555 [line: 8]
.   .   Sibling: 2  Assign: = [line: 9]
.   .   .   Child: 0  Id: sx [line: 9]
.   .   .   Child: 1  Const 666 [line: 9]
.   .   Sibling: 3  Assign: = [line: 12]
.   .   .   Child: 0  Op: [ [line: 12]
.   .   .   .   Child: 0  Id: gy [line: 12]
.   .   .   .   Child: 1  Const 9 [line: 12]
.   .   .   Child: 1  Const 222 [line: 12]
.   .   Sibling: 4  Call: output [line: 13]
.   .   .   Child: 0  Op: [ [line: 13]
.   .   .   .   Child: 0  Id: gy [line: 13]
.   .   .   .   Child: 1  Const 9 [line: 13]
.   .   Sibling: 5  Assign: = [line: 14]
.   .   .   Child: 0  Id: gx [line: 14]
.   .   .   Child: 1  Id: gx [line: 14]
.   .   Sibling: 6  Call: output [line: 15]
.   .   .   Child: 0  Id: gx [line: 15]
.   .   Sibling: 7  Assign: = [line: 16]
.   .   .   Child: 0  Op: [ [line: 16]
.   .   .   .   Child: 0  Id: gy [line: 16]
.   .   .   .   Child: 1  Const 8 [line: 16]
.   .   .   Child: 1  Op: [ [line: 16]
.   .   .   .   Child: 0  Id: gy [line: 16]
.   .   .   .   Child: 1  Const 9 [line: 16]
.   .   Sibling: 8  Call: output [line: 17]
.   .   .   Child: 0  Op: [ [line: 17]
.   .   .   .   Child: 0  Id: gy [line: 17]
.   .   .   .   Child: 1  Const 8 [line: 17]
.   .   Sibling: 9  Call: outnl [line: 18]
.   .   Sibling: 10  Assign: = [line: 21]
.   .   .   Child: 0  Op: [ [line: 21]
.   .   .   .   Child: 0  Id: y [line: 21]
.   .   .   .   Child: 1  Const 9 [line: 21]
.   .   .   Child: 1  Const 333 [line: 21]
.   .   Sibling: 11  Call: output [line: 22]
.   .   .   Child: 0  Op: [ [line: 22]
.   .   .   .   Child: 0  Id: y [line: 22]
.   .   .   .   Child: 1  Const 9 [line: 22]
.   .   Sibling: 12  Assign: = [line: 23]
.   .   .   Child: 0  Id: x [line: 23]
.   .   .   Child: 1  Id: x [line: 23]
.   .   Sibling: 13  Call: output [line: 24]
.   .   .   Child: 0  Id: x [line: 24]
.   .   Sibling: 14  Assign: = [line: 25]
.   .   .   Child: 0  Op: [ [line: 25]
.   .   .   .   Child: 0  Id: y [line: 25]
.   .   .   .   Child: 1  Const 7 [line: 25]
.   .   .   Child: 1  Op: sizeof [line: 25]
.   .   .   .   Child: 0  Id: y [line: 25]
.   .   Sibling: 15  Call: output [line: 26]
.   .   .   Child: 0  Op: [ [line: 26]
.   .   .   .   Child: 0  Id: y [line: 26]
.   .   .   .   Child: 1  Const 7 [line: 26]
.   .   Sibling: 16  Call: outnl [line: 27]
.   .   Sibling: 17  Assign: = [line: 30]
.   .   .   Child: 0  Id: px [line: 30]
.   .   .   Child: 1  Id: px [line: 30]
.   .   Sibling: 18  Call: output [line: 31]
.   .   .   Child: 0  Id: px [line: 31]
.   .   Sibling: 19  Assign: = [line: 32]
.   .   .   Child: 0  Id: px [line: 32]
.   .   .   Child: 1  Const 101 [line: 32]
.   .   Sibling: 20  Assign: = [line: 33]
.   .   .   Child: 0  Op: [ [line: 33]
.   .   .   .   Child: 0  Id: py [line: 33]
.   .   .   .   Child: 1  Const 8 [line: 33]
.   .   .   Child: 1  Op: [ [line: 33]
.   .   .   .   Child: 0  Id: py [line: 33]
.   .   .   .   Child: 1  Const 9 [line: 33]
.   .   Sibling: 21  Call: output [line: 34]
.   .   .   Child: 0  Op: [ [line: 34]
.   .   .   .   Child: 0  Id: py [line: 34]
.   .   .   .   Child: 1  Const 8 [line: 34]
.   .   Sibling: 22  Assign: = [line: 35]
.   .   .   Child: 0  Op: [ [line: 35]
.   .   .   .   Child: 0  Id: py [line: 35]
.   .   .   .   Child: 1  Const 8 [line: 35]
.   .   .   Child: 1  Const 102 [line: 35]
.   .   Sibling: 23  Assign: = [line: 36]
.   .   .   Child: 0  Op: [ [line: 36]
.   .   .   .   Child: 0  Id: py [line: 36]
.   .   .   .   Child: 1  Const 7 [line: 36]
.   .   .   Child: 1  Op: sizeof [line: 36]
.   .   .   .   Child: 0  Id: py [line: 36]
.   .   Sibling: 24  Call: output [line: 37]
.   .   .   Child: 0  Op: [ [line: 37]
.   .   .   .   Child: 0  Id: py [line: 37]
.   .   .   .   Child: 1  Const 7 [line: 37]
.   .   Sibling: 25  Call: outnl [line: 38]
.   .   Sibling: 26  Assign: = [line: 41]
.   .   .   Child: 0  Op: [ [line: 41]
.   .   .   .   Child: 0  Id: sy [line: 41]
.   .   .   .   Child: 1  Const 9 [line: 41]
.   .   .   Child: 1  Const 444 [line: 41]
.   .   Sibling: 27  Call: output [line: 42]
.   .   .   Child: 0  Op: [ [line: 42]
.   .   .   .   Child: 0  Id: sy [line: 42]
.   .   .   .   Child: 1  Const 9 [line: 42]
.   .   Sibling: 28  Assign: = [line: 43]
.   .   .   Child: 0  Id: sx [line: 43]
.   .   .   Child: 1  Id: sx [line: 43]
.   .   Sibling: 29  Call: output [line: 44]
.   .   .   Child: 0  Id: sx [line: 44]
.   .   Sibling: 30  Assign: = [line: 45]
.   .   .   Child: 0  Op: [ [line: 45]
.   .   .   .   Child: 0  Id: sy [line: 45]
.   .   .   .   Child: 1  Const 7 [line: 45]
.   .   .   Child: 1  Op: sizeof [line: 45]
.   .   .   .   Child: 0  Id: sy [line: 45]
.   .   Sibling: 31  Call: output [line: 46]
.   .   .   Child: 0  Op: [ [line: 46]
.   .   .   .   Child: 0  Id: sy [line: 46]
.   .   .   .   Child: 1  Const 7 [line: 46]
.   .   Sibling: 32  Call: outnl [line: 47]
Sibling: 3  Func: main returns type void [line: 51]
.   Child: 1  Compound [line: 52]
.   .   Child: 0  Var: zx of type int [line: 53]
.   .   Sibling: 1  Var: zy is array of type int [line: 53]
.   .   Child: 1  Assign: = [line: 56]
.   .   .   Child: 0  Id: zx [line: 56]
.   .   .   Child: 1  Const 999 [line: 56]
.   .   Sibling: 1  Assign: = [line: 57]
.   .   .   Child: 0  Op: [ [line: 57]
.   .   .   .   Child: 0  Id: zy [line: 57]
.   .   .   .   Child: 1  Const 9 [line: 57]
.   .   .   Child: 1  Const 111 [line: 57]
.   .   Sibling: 2  Call: output [line: 58]
.   .   .   Child: 0  Id: zx [line: 58]
.   .   Sibling: 3  Call: output [line: 59]
.   .   .   Child: 0  Op: [ [line: 59]
.   .   .   .   Child: 0  Id: zy [line: 59]
.   .   .   .   Child: 1  Const 9 [line: 59]
.   .   Sibling: 4  Call: outnl [line: 60]
.   .   Sibling: 5  Call: esperanza [line: 62]
.   .   .   Child: 0  Id: zx [line: 62]
.   .   .   Sibling: 1  Id: zy [line: 62]
.   .   Sibling: 6  Call: output [line: 65]
.   .   .   Child: 0  Id: zx [line: 65]
.   .   Sibling: 7  Call: output [line: 66]
.   .   .   Child: 0  Op: [ [line: 66]
.   .   .   .   Child: 0  Id: zy [line: 66]
.   .   .   .   Child: 1  Const 9 [line: 66]
.   .   Sibling: 8  Call: outnl [line: 67]
ERROR(13): Symbol 'output' is not declared.
ERROR(15): Symbol 'output' is not declared.
ERROR(17): Symbol 'output' is not declared.
ERROR(18): Symbol 'outnl' is not declared.
ERROR(22): Symbol 'output' is not declared.
ERROR(24): Symbol 'output' is not declared.
ERROR(26): Symbol 'output' is not declared.
ERROR(27): Symbol 'outnl' is not declared.
ERROR(31): Symbol 'output' is not declared.
ERROR(34): Symbol 'output' is not declared.
ERROR(37): Symbol 'output' is not declared.
ERROR(38): Symbol 'outnl' is not declared.
ERROR(42): Symbol 'output' is not declared.
ERROR(44): Symbol 'output' is not declared.
ERROR(46): Symbol 'output' is not declared.
ERROR(47): Symbol 'outnl' is not declared.
ERROR(58): Symbol 'output' is not declared.
ERROR(59): Symbol 'output' is not declared.
ERROR(60): Symbol 'outnl' is not declared.
ERROR(65): Symbol 'output' is not declared.
ERROR(66): Symbol 'output' is not declared.
ERROR(67): Symbol 'outnl' is not declared.
Number of warnings: 0
Number of errors: 22
