Func: main returns type int [line: 2]
.   Child: 1  Compound [line: 3]
.   .   Child: 0  Var: x of type int [line: 4]
.   .   Sibling: 1  Var: y of type int [line: 5]
.   .   Sibling: 2  Var: z of type int [line: 6]
.   .   Sibling: 3  Var: a of type bool [line: 7]
.   .   Sibling: 4  Var: b of type bool [line: 7]
.   .   Sibling: 5  Var: c of type bool [line: 7]
.   .   Sibling: 6  Var: d of type bool [line: 7]
.   .   Sibling: 7  Var: e of type bool [line: 7]
.   .   Child: 1  Assign: = [line: 9]
.   .   .   Child: 0  Id: b [line: 9]
.   .   .   Child: 1  Const false [line: 9]
.   .   Sibling: 1  While [line: 10]
.   .   .   Child: 0  Id: b [line: 10]
.   .   .   Child: 1  Assign: = [line: 10]
.   .   .   .   Child: 0  Id: x [line: 10]
.   .   .   .   Child: 1  Const 88 [line: 10]
.   .   Sibling: 2  If [line: 11]
.   .   .   Child: 0  Op: > [line: 11]
.   .   .   .   Child: 0  Id: x [line: 11]
.   .   .   .   Child: 1  Const 2 [line: 11]
.   .   Sibling: 3  Assign: = [line: 13]
.   .   .   Child: 0  Id: a [line: 13]
.   .   .   Child: 1  Assign: = [line: 13]
.   .   .   .   Child: 0  Id: b [line: 13]
.   .   .   .   Child: 1  Assign: = [line: 13]
.   .   .   .   .   Child: 0  Id: c [line: 13]
.   .   .   .   .   Child: 1  Assign: = [line: 13]
.   .   .   .   .   .   Child: 0  Id: d [line: 13]
.   .   .   .   .   .   Child: 1  Const 3 [line: 13]
.   .   Sibling: 4  If [line: 14]
.   .   .   Child: 0  Const false [line: 14]
.   .   .   Child: 1  Assign: = [line: 14]
.   .   .   .   Child: 0  Id: e [line: 14]
.   .   .   .   Child: 1  Const true [line: 14]
.   .   Sibling: 5  Assign: = [line: 15]
.   .   .   Child: 0  Id: x [line: 15]
.   .   .   Child: 1  Const 1184 [line: 15]
.   .   Sibling: 6  Assign: = [line: 16]
.   .   .   Child: 0  Id: y [line: 16]
.   .   .   Child: 1  Const 1210 [line: 16]
.   .   Sibling: 7  If [line: 18]
.   .   .   Child: 0  Op: > [line: 18]
.   .   .   .   Child: 0  Id: x [line: 18]
.   .   .   .   Child: 1  Const 1 [line: 18]
.   .   .   Child: 1  Assign: = [line: 18]
.   .   .   .   Child: 0  Id: z [line: 18]
.   .   .   .   Child: 1  Const 1 [line: 18]
.   .   Sibling: 8  If [line: 19]
.   .   .   Child: 0  Op: > [line: 19]
.   .   .   .   Child: 0  Id: x [line: 19]
.   .   .   .   Child: 1  Const 2 [line: 19]
.   .   .   Child: 1  Assign: = [line: 19]
.   .   .   .   Child: 0  Id: z [line: 19]
.   .   .   .   Child: 1  Const 1 [line: 19]
.   .   .   Child: 2  Assign: = [line: 19]
.   .   .   .   Child: 0  Id: z [line: 19]
.   .   .   .   Child: 1  Const 2 [line: 19]
.   .   Sibling: 9  If [line: 20]
.   .   .   Child: 0  Op: > [line: 20]
.   .   .   .   Child: 0  Id: x [line: 20]
.   .   .   .   Child: 1  Const 3 [line: 20]
.   .   .   Child: 1  If [line: 20]
.   .   .   .   Child: 0  Op: > [line: 20]
.   .   .   .   .   Child: 0  Id: y [line: 20]
.   .   .   .   .   Child: 1  Const 4 [line: 20]
.   .   .   .   Child: 1  Assign: = [line: 20]
.   .   .   .   .   Child: 0  Id: z [line: 20]
.   .   .   .   .   Child: 1  Const 3 [line: 20]
.   .   Sibling: 10  If [line: 21]
.   .   .   Child: 0  Op: > [line: 21]
.   .   .   .   Child: 0  Id: x [line: 21]
.   .   .   .   Child: 1  Const 5 [line: 21]
.   .   .   Child: 1  If [line: 21]
.   .   .   .   Child: 0  Op: > [line: 21]
.   .   .   .   .   Child: 0  Id: y [line: 21]
.   .   .   .   .   Child: 1  Const 6 [line: 21]
.   .   .   .   Child: 1  Assign: = [line: 21]
.   .   .   .   .   Child: 0  Id: z [line: 21]
.   .   .   .   .   Child: 1  Const 4 [line: 21]
.   .   .   .   Child: 2  Assign: = [line: 21]
.   .   .   .   .   Child: 0  Id: z [line: 21]
.   .   .   .   .   Child: 1  Const 5 [line: 21]
.   .   Sibling: 11  If [line: 22]
.   .   .   Child: 0  Op: > [line: 22]
.   .   .   .   Child: 0  Id: x [line: 22]
.   .   .   .   Child: 1  Const 7 [line: 22]
.   .   .   Child: 1  If [line: 22]
.   .   .   .   Child: 0  Op: > [line: 22]
.   .   .   .   .   Child: 0  Id: y [line: 22]
.   .   .   .   .   Child: 1  Const 8 [line: 22]
.   .   .   .   Child: 1  Assign: = [line: 22]
.   .   .   .   .   Child: 0  Id: z [line: 22]
.   .   .   .   .   Child: 1  Const 6 [line: 22]
.   .   .   .   Child: 2  Assign: = [line: 22]
.   .   .   .   .   Child: 0  Id: z [line: 22]
.   .   .   .   .   Child: 1  Const 7 [line: 22]
.   .   .   Child: 2  Assign: = [line: 22]
.   .   .   .   Child: 0  Id: z [line: 22]
.   .   .   .   Child: 1  Const 8 [line: 22]
.   .   Sibling: 12  If [line: 23]
.   .   .   Child: 0  Op: < [line: 23]
.   .   .   .   Child: 0  Id: x [line: 23]
.   .   .   .   Child: 1  Const 9 [line: 23]
.   .   .   Child: 1  While [line: 23]
.   .   .   .   Child: 0  Op: > [line: 23]
.   .   .   .   .   Child: 0  Id: y [line: 23]
.   .   .   .   .   Child: 1  Const 10 [line: 23]
.   .   .   .   Child: 1  Const 9 [line: 23]
.   .   Sibling: 13  While [line: 24]
.   .   .   Child: 0  Op: > [line: 24]
.   .   .   .   Child: 0  Id: y [line: 24]
.   .   .   .   Child: 1  Const 10 [line: 24]
.   .   .   Child: 1  If [line: 24]
.   .   .   .   Child: 0  Op: < [line: 24]
.   .   .   .   .   Child: 0  Id: x [line: 24]
.   .   .   .   .   Child: 1  Const 3 [line: 24]
.   .   .   .   Child: 1  Const 3 [line: 24]
.   .   Sibling: 14  While [line: 25]
.   .   .   Child: 0  Op: > [line: 25]
.   .   .   .   Child: 0  Id: y [line: 25]
.   .   .   .   Child: 1  Const 10 [line: 25]
.   .   .   Child: 1  If [line: 25]
.   .   .   .   Child: 0  Op: < [line: 25]
.   .   .   .   .   Child: 0  Id: x [line: 25]
.   .   .   .   .   Child: 1  Const 3 [line: 25]
.   .   .   .   Child: 1  Const 3 [line: 25]
.   .   .   .   Child: 2  Const 9 [line: 25]
.   .   Sibling: 15  If [line: 26]
.   .   .   Child: 0  Op: < [line: 26]
.   .   .   .   Child: 0  Id: x [line: 26]
.   .   .   .   Child: 1  Const 9 [line: 26]
.   .   .   Child: 1  While [line: 26]
.   .   .   .   Child: 0  Op: > [line: 26]
.   .   .   .   .   Child: 0  Id: y [line: 26]
.   .   .   .   .   Child: 1  Const 10 [line: 26]
.   .   .   .   Child: 1  If [line: 26]
.   .   .   .   .   Child: 0  Op: < [line: 26]
.   .   .   .   .   .   Child: 0  Id: x [line: 26]
.   .   .   .   .   .   Child: 1  Const 3 [line: 26]
.   .   .   .   .   Child: 1  Const 3 [line: 26]
.   .   .   .   .   Child: 2  Const 9 [line: 26]
.   .   Sibling: 16  While [line: 27]
.   .   .   Child: 0  Op: < [line: 27]
.   .   .   .   Child: 0  Id: y [line: 27]
.   .   .   .   Child: 1  Const 11 [line: 27]
.   .   .   Child: 1  If [line: 27]
.   .   .   .   Child: 0  Op: < [line: 27]
.   .   .   .   .   Child: 0  Id: x [line: 27]
.   .   .   .   .   Child: 1  Const 12 [line: 27]
.   .   .   .   Child: 1  While [line: 27]
.   .   .   .   .   Child: 0  Op: > [line: 27]
.   .   .   .   .   .   Child: 0  Id: y [line: 27]
.   .   .   .   .   .   Child: 1  Const 13 [line: 27]
.   .   .   .   .   Child: 1  Const 10 [line: 27]
.   .   Sibling: 17  If [line: 28]
.   .   .   Child: 0  Op: < [line: 28]
.   .   .   .   Child: 0  Id: x [line: 28]
.   .   .   .   Child: 1  Const 13 [line: 28]
.   .   .   Child: 1  While [line: 28]
.   .   .   .   Child: 0  Op: > [line: 28]
.   .   .   .   .   Child: 0  Id: y [line: 28]
.   .   .   .   .   Child: 1  Const 14 [line: 28]
.   .   .   .   Child: 1  Const 20 [line: 28]
.   .   .   Child: 2  Const 21 [line: 28]
.   .   Sibling: 18  While [line: 29]
.   .   .   Child: 0  Op: > [line: 29]
.   .   .   .   Child: 0  Id: y [line: 29]
.   .   .   .   Child: 1  Const 15 [line: 29]
.   .   .   Child: 1  If [line: 29]
.   .   .   .   Child: 0  Op: < [line: 29]
.   .   .   .   .   Child: 0  Id: x [line: 29]
.   .   .   .   .   Child: 1  Const 16 [line: 29]
.   .   .   .   Child: 1  Const 22 [line: 29]
.   .   .   .   Child: 2  Const 23 [line: 29]
.   .   Sibling: 19  While [line: 30]
.   .   .   Child: 0  Op: > [line: 30]
.   .   .   .   Child: 0  Id: y [line: 30]
.   .   .   .   Child: 1  Const 15 [line: 30]
.   .   .   Child: 1  If [line: 30]
.   .   .   .   Child: 0  Op: < [line: 30]
.   .   .   .   .   Child: 0  Id: x [line: 30]
.   .   .   .   .   Child: 1  Const 16 [line: 30]
.   .   .   .   Child: 1  While [line: 30]
.   .   .   .   .   Child: 0  Op: < [line: 30]
.   .   .   .   .   .   Child: 0  Id: y [line: 30]
.   .   .   .   .   .   Child: 1  Const 3 [line: 30]
.   .   .   .   .   Child: 1  Const 9 [line: 30]
.   .   .   .   Child: 2  Const 23 [line: 30]
.   .   Sibling: 20  While [line: 31]
.   .   .   Child: 0  Op: > [line: 31]
.   .   .   .   Child: 0  Id: y [line: 31]
.   .   .   .   Child: 1  Const 15 [line: 31]
.   .   .   Child: 1  If [line: 31]
.   .   .   .   Child: 0  Op: < [line: 31]
.   .   .   .   .   Child: 0  Id: x [line: 31]
.   .   .   .   .   Child: 1  Const 16 [line: 31]
.   .   .   .   Child: 1  While [line: 31]
.   .   .   .   .   Child: 0  Op: < [line: 31]
.   .   .   .   .   .   Child: 0  Id: y [line: 31]
.   .   .   .   .   .   Child: 1  Const 3 [line: 31]
.   .   .   .   .   Child: 1  Const 9 [line: 31]
.   .   .   .   Child: 2  While [line: 31]
.   .   .   .   .   Child: 0  Op: > [line: 31]
.   .   .   .   .   .   Child: 0  Id: y [line: 31]
.   .   .   .   .   .   Child: 1  Const 3 [line: 31]
.   .   .   .   .   Child: 1  Const 23 [line: 31]
.   .   Sibling: 21  While [line: 32]
.   .   .   Child: 0  Op: > [line: 32]
.   .   .   .   Child: 0  Id: y [line: 32]
.   .   .   .   Child: 1  Const 15 [line: 32]
.   .   .   Child: 1  If [line: 32]
.   .   .   .   Child: 0  Op: < [line: 32]
.   .   .   .   .   Child: 0  Id: x [line: 32]
.   .   .   .   .   Child: 1  Const 16 [line: 32]
.   .   .   .   Child: 1  While [line: 32]
.   .   .   .   .   Child: 0  Op: < [line: 32]
.   .   .   .   .   .   Child: 0  Id: y [line: 32]
.   .   .   .   .   .   Child: 1  Const 3 [line: 32]
.   .   .   .   .   Child: 1  If [line: 32]
.   .   .   .   .   .   Child: 0  Id: b [line: 32]
.   .   .   .   .   .   Child: 1  Const 34 [line: 32]
.   .   .   .   .   .   Child: 2  Const 34 [line: 32]
.   .   .   .   Child: 2  While [line: 32]
.   .   .   .   .   Child: 0  Op: > [line: 32]
.   .   .   .   .   .   Child: 0  Id: y [line: 32]
.   .   .   .   .   .   Child: 1  Const 3 [line: 32]
.   .   .   .   .   Child: 1  Const 23 [line: 32]
.   .   Sibling: 22  While [line: 33]
.   .   .   Child: 0  Op: > [line: 33]
.   .   .   .   Child: 0  Id: y [line: 33]
.   .   .   .   Child: 1  Const 15 [line: 33]
.   .   .   Child: 1  If [line: 33]
.   .   .   .   Child: 0  Op: < [line: 33]
.   .   .   .   .   Child: 0  Id: x [line: 33]
.   .   .   .   .   Child: 1  Const 16 [line: 33]
.   .   .   .   Child: 1  Compound [line: 33]
.   .   .   .   .   Child: 1  While [line: 33]
.   .   .   .   .   .   Child: 0  Op: < [line: 33]
.   .   .   .   .   .   .   Child: 0  Id: y [line: 33]
.   .   .   .   .   .   .   Child: 1  Const 3 [line: 33]
.   .   .   .   .   .   Child: 1  If [line: 33]
.   .   .   .   .   .   .   Child: 0  Id: b [line: 33]
.   .   .   .   .   .   .   Child: 1  Const 34 [line: 33]
.   .   .   .   Child: 2  While [line: 33]
.   .   .   .   .   Child: 0  Op: > [line: 33]
.   .   .   .   .   .   Child: 0  Id: y [line: 33]
.   .   .   .   .   .   Child: 1  Const 3 [line: 33]
.   .   .   .   .   Child: 1  Const 23 [line: 33]
.   .   Sibling: 23  While [line: 35]
.   .   .   Child: 0  Id: b [line: 35]
.   .   .   Child: 1  While [line: 35]
.   .   .   .   Child: 0  Id: b [line: 35]
.   .   .   .   Child: 1  If [line: 35]
.   .   .   .   .   Child: 0  Id: b [line: 35]
.   .   .   .   .   Child: 1  Id: x [line: 35]
.   .   .   .   .   Child: 2  Id: y [line: 35]
.   .   Sibling: 24  While [line: 36]
.   .   .   Child: 0  Id: b [line: 36]
.   .   .   Child: 1  While [line: 36]
.   .   .   .   Child: 0  Id: b [line: 36]
.   .   .   .   Child: 1  If [line: 36]
.   .   .   .   .   Child: 0  Id: b [line: 36]
.   .   .   .   .   Child: 1  Id: x [line: 36]
.   .   Sibling: 25  If [line: 36]
.   .   .   Child: 0  Id: b [line: 36]
.   .   .   Child: 1  Id: y [line: 36]
.   .   .   Child: 2  Id: z [line: 36]
.   .   Sibling: 26  While [line: 38]
.   .   .   Child: 0  Id: b [line: 38]
.   .   .   Child: 1  While [line: 38]
.   .   .   .   Child: 0  Id: b [line: 38]
.   .   .   .   Child: 1  If [line: 38]
.   .   .   .   .   Child: 0  Id: b [line: 38]
.   .   .   .   .   Child: 1  Id: x [line: 38]
.   .   Sibling: 27  While [line: 39]
.   .   .   Child: 0  Id: b [line: 39]
.   .   .   Child: 1  While [line: 39]
.   .   .   .   Child: 0  Id: b [line: 39]
.   .   .   .   Child: 1  If [line: 39]
.   .   .   .   .   Child: 0  Id: b [line: 39]
.   .   .   .   .   Child: 1  Id: x [line: 39]
.   .   Sibling: 28  If [line: 39]
.   .   .   Child: 0  Id: b [line: 39]
.   .   .   Child: 1  Id: y [line: 39]
.   .   Sibling: 29  While [line: 41]
.   .   .   Child: 0  Id: b [line: 41]
.   .   .   Child: 1  If [line: 41]
.   .   .   .   Child: 0  Id: c [line: 41]
.   .   .   .   Child: 1  While [line: 41]
.   .   .   .   .   Child: 0  Id: b [line: 41]
.   .   .   .   .   Child: 1  If [line: 41]
.   .   .   .   .   .   Child: 0  Id: b [line: 41]
.   .   .   .   .   .   Child: 1  Id: x [line: 41]
.   .   .   .   .   .   Child: 2  Id: y [line: 41]
.   .   Sibling: 30  While [line: 42]
.   .   .   Child: 0  Id: b [line: 42]
.   .   .   Child: 1  If [line: 42]
.   .   .   .   Child: 0  Id: c [line: 42]
.   .   .   .   Child: 1  While [line: 42]
.   .   .   .   .   Child: 0  Id: b [line: 42]
.   .   .   .   .   Child: 1  If [line: 42]
.   .   .   .   .   .   Child: 0  Id: b [line: 42]
.   .   .   .   .   .   Child: 1  Id: x [line: 42]
.   .   Sibling: 31  If [line: 42]
.   .   .   Child: 0  Id: b [line: 42]
.   .   .   Child: 1  Id: y [line: 42]
.   .   .   Child: 2  Id: z [line: 42]
.   .   Sibling: 32  If [line: 44]
.   .   .   Child: 0  Id: c [line: 44]
.   .   .   Child: 1  While [line: 44]
.   .   .   .   Child: 0  Id: b [line: 44]
.   .   .   .   Child: 1  While [line: 44]
.   .   .   .   .   Child: 0  Id: b [line: 44]
.   .   .   .   .   Child: 1  If [line: 44]
.   .   .   .   .   .   Child: 0  Id: b [line: 44]
.   .   .   .   .   .   Child: 1  Id: x [line: 44]
.   .   .   .   .   .   Child: 2  Id: y [line: 44]
.   .   Sibling: 33  If [line: 45]
.   .   .   Child: 0  Id: c [line: 45]
.   .   .   Child: 1  While [line: 45]
.   .   .   .   Child: 0  Id: b [line: 45]
.   .   .   .   Child: 1  While [line: 45]
.   .   .   .   .   Child: 0  Id: b [line: 45]
.   .   .   .   .   Child: 1  If [line: 45]
.   .   .   .   .   .   Child: 0  Id: b [line: 45]
.   .   .   .   .   .   Child: 1  Id: x [line: 45]
.   .   Sibling: 34  If [line: 45]
.   .   .   Child: 0  Id: b [line: 45]
.   .   .   Child: 1  Id: y [line: 45]
.   .   .   Child: 2  Id: z [line: 45]
.   .   Sibling: 35  If [line: 47]
.   .   .   Child: 0  Id: c [line: 47]
.   .   .   Child: 1  While [line: 47]
.   .   .   .   Child: 0  Id: b [line: 47]
.   .   .   .   Child: 1  While [line: 47]
.   .   .   .   .   Child: 0  Id: b [line: 47]
.   .   .   .   .   Child: 1  If [line: 47]
.   .   .   .   .   .   Child: 0  Id: b [line: 47]
.   .   .   .   .   .   Child: 1  Id: x [line: 47]
.   .   .   .   .   .   Child: 2  Id: y [line: 47]
.   .   .   Child: 2  Id: z [line: 47]
.   .   Sibling: 36  While [line: 49]
.   .   .   Child: 0  Id: a [line: 49]
.   .   .   Child: 1  While [line: 49]
.   .   .   .   Child: 0  Id: b [line: 49]
.   .   .   .   Child: 1  While [line: 49]
.   .   .   .   .   Child: 0  Id: c [line: 49]
.   .   .   .   .   Child: 1  While [line: 49]
.   .   .   .   .   .   Child: 0  Id: d [line: 49]
.   .   .   .   .   .   Child: 1  Id: e [line: 49]
.   .   Sibling: 37  If [line: 50]
.   .   .   Child: 0  Id: a [line: 50]
.   .   .   Child: 1  If [line: 50]
.   .   .   .   Child: 0  Id: b [line: 50]
.   .   .   .   Child: 1  If [line: 50]
.   .   .   .   .   Child: 0  Id: c [line: 50]
.   .   .   .   .   Child: 1  If [line: 50]
.   .   .   .   .   .   Child: 0  Id: d [line: 50]
.   .   .   .   .   .   Child: 1  Id: e [line: 50]
.   .   Sibling: 38  If [line: 51]
.   .   .   Child: 0  Id: a [line: 51]
.   .   .   Child: 2  If [line: 51]
.   .   .   .   Child: 0  Id: b [line: 51]
.   .   .   .   Child: 2  If [line: 51]
.   .   .   .   .   Child: 0  Id: c [line: 51]
.   .   .   .   .   Child: 2  If [line: 51]
.   .   .   .   .   .   Child: 0  Id: d [line: 51]
.   .   .   .   .   .   Child: 2  Id: e [line: 51]
.   .   Sibling: 39  Return [line: 53]
.   .   .   Child: 0  Op: * [line: 53]
.   .   .   .   Child: 0  Id: x [line: 53]
.   .   .   .   Child: 1  Id: y [line: 53]
ERROR(13): '=' requires operands of the same type but lhs is type bool and rhs is type int.
Number of warnings: 0
Number of errors: 1
